#-----------------------------------------------------------
# PlanAhead v14.7 (64-bit)
# Build 321239 by xbuild on Fri Sep 27 19:29:51 MDT 2013
# Start of session at: Mon Nov 30 15:02:11 2015
# Process ID: 3940
# Log file: C:/Users/Yatharth/Documents/CIC semesters/Sem 5/Embedded Systems Studio/Project/Using_LCD/planAhead_run_1/planAhead.log
# Journal file: C:/Users/Yatharth/Documents/CIC semesters/Sem 5/Embedded Systems Studio/Project/Using_LCD/planAhead_run_1/planAhead.jou
#-----------------------------------------------------------
INFO: [Common 17-78] Attempting to get a license: PlanAhead
INFO: [Common 17-290] Got license for PlanAhead
INFO: [Device 21-36] Loading parts and site information from C:/Xilinx/14.7/ISE_DS/PlanAhead/data/parts/arch.xml
Parsing RTL primitives file [C:/Xilinx/14.7/ISE_DS/PlanAhead/data/parts/xilinx/rtl/prims/rtl_prims.xml]
Finished parsing RTL primitives file [C:/Xilinx/14.7/ISE_DS/PlanAhead/data/parts/xilinx/rtl/prims/rtl_prims.xml]
start_gui
source {C:/Users/Yatharth/Documents/CIC semesters/Sem 5/Embedded Systems Studio/Project/Using_LCD/pa.fromNetlist.tcl}
# create_project -name Using_LCD -dir "C:/Users/Yatharth/Documents/CIC semesters/Sem 5/Embedded Systems Studio/Project/Using_LCD/planAhead_run_2" -part xc6slx9tqg144-2
INFO: [Common 17-41] Interrupt caught. Command should exit soon.
create_project: Time (s): elapsed = 00:00:11 . Memory (MB): peak = 609.645 ; gain = 56.348
INFO: [Common 17-344] 'create_project' was cancelled
INFO: [Common 17-344] 'source' was cancelled
exit
ERROR: [PlanAhead 12-106] *** Exception: ui.h.b: Found deleted key in HTclEventBroker. Verify if the classes listed here call cleanup()
HTclEvent: DEBUG_CORE_CONFIG_CHANGE   Classes: ui.views.aR 
HTclEvent: DEBUG_PORT_CONFIG_CHANGE   Classes: ui.views.aR 
HTclEvent: SIGNAL_MODIFY   Classes: ui.views.aR 
HTclEvent: SIGNAL_BUS_MODIFY   Classes: ui.views.aR 
 (See C:/Users/Yatharth/Documents/CIC semesters/Sem 5/Embedded Systems Studio/Project/Using_LCD\planAhead_pid3940.debug)
ERROR: [Common 17-39] 'stop_gui' failed due to earlier errors.
INFO: [Common 17-206] Exiting PlanAhead at Mon Nov 30 15:04:11 2015...
INFO: [Common 17-83] Releasing license: PlanAhead
