#-----------------------------------------------------------
# PlanAhead v14.7 (64-bit)
# Build 321239 by xbuild on Fri Sep 27 19:29:51 MDT 2013
# Start of session at: Mon Nov 30 15:12:26 2015
# Process ID: 7392
# Log file: C:/Users/Yatharth/Documents/CIC semesters/Sem 5/Embedded Systems Studio/Project/Using_LCD/planAhead_run_2/planAhead.log
# Journal file: C:/Users/Yatharth/Documents/CIC semesters/Sem 5/Embedded Systems Studio/Project/Using_LCD/planAhead_run_2/planAhead.jou
#-----------------------------------------------------------
INFO: [Common 17-78] Attempting to get a license: PlanAhead
INFO: [Common 17-290] Got license for PlanAhead
INFO: [Device 21-36] Loading parts and site information from C:/Xilinx/14.7/ISE_DS/PlanAhead/data/parts/arch.xml
Parsing RTL primitives file [C:/Xilinx/14.7/ISE_DS/PlanAhead/data/parts/xilinx/rtl/prims/rtl_prims.xml]
Finished parsing RTL primitives file [C:/Xilinx/14.7/ISE_DS/PlanAhead/data/parts/xilinx/rtl/prims/rtl_prims.xml]
start_gui
source {C:/Users/Yatharth/Documents/CIC semesters/Sem 5/Embedded Systems Studio/Project/Using_LCD/pa.fromNetlist.tcl}
# create_project -name Using_LCD -dir "C:/Users/Yatharth/Documents/CIC semesters/Sem 5/Embedded Systems Studio/Project/Using_LCD/planAhead_run_2" -part xc6slx9tqg144-2
create_project: Time (s): elapsed = 00:00:06 . Memory (MB): peak = 635.070 ; gain = 70.828
# set_property design_mode GateLvl [get_property srcset [current_run -impl]]
# set_property edif_top_file "C:/Users/Yatharth/Documents/CIC semesters/Sem 5/Embedded Systems Studio/Project/Using_LCD/lcd_disp.ngc" [ get_property srcset [ current_run ] ]
# add_files -norecurse { {C:/Users/Yatharth/Documents/CIC semesters/Sem 5/Embedded Systems Studio/Project/Using_LCD} }
# set_property target_constrs_file "Sample.ucf" [current_fileset -constrset]
Adding file 'C:/Users/Yatharth/Documents/CIC semesters/Sem 5/Embedded Systems Studio/Project/Using_LCD/Sample.ucf' to fileset 'constrs_1'
# add_files [list {Sample.ucf}] -fileset [get_property constrset [current_run]]
# link_design
Design is defaulting to srcset: sources_1
Design is defaulting to constrset: constrs_1
Design is defaulting to project part: xc6slx9tqg144-2
Release 14.7 - ngc2edif P.20131013 (nt64)
Copyright (c) 1995-2013 Xilinx, Inc.  All rights reserved.
Reading design lcd_disp.ngc ...
WARNING:NetListWriters:298 - No output is written to lcd_disp.xncf, ignored.
Processing design ...
   Preping design's networks ...
   Preping design's macros ...
WARNING:NetListWriters:306 - Signal bus j[31]_GND_5_o_mux_18_OUT[4 : 0] on block
   lcd_disp is not reconstructed, because there are some missing bus signals.
  finished :Prep
Writing EDIF netlist file lcd_disp.edif ...
ngc2edif: Total memory usage is 85880 kilobytes

Parsing EDIF File [./planAhead_run_2/Using_LCD.data/cache/lcd_disp_ngc_zx.edif]
Finished Parsing EDIF File [./planAhead_run_2/Using_LCD.data/cache/lcd_disp_ngc_zx.edif]
INFO: [Netlist 29-17] Analyzing 1 Unisim elements for replacement
INFO: [Netlist 29-28] Unisim Transformation completed in 0 CPU seconds
Loading clock regions from C:/Xilinx/14.7/ISE_DS/PlanAhead/data\parts/xilinx/spartan6/spartan6lx/xc6slx9/ClockRegion.xml
Loading clock buffers from C:/Xilinx/14.7/ISE_DS/PlanAhead/data\parts/xilinx/spartan6/spartan6lx/xc6slx9/ClockBuffers.xml
Loading package pin functions from C:/Xilinx/14.7/ISE_DS/PlanAhead/data\parts/xilinx/spartan6/PinFunctions.xml...
Loading package from C:/Xilinx/14.7/ISE_DS/PlanAhead/data\parts/xilinx/spartan6/spartan6lx/xc6slx9/tqg144/Package.xml
Loading io standards from C:/Xilinx/14.7/ISE_DS/PlanAhead/data\./parts/xilinx/spartan6/IOStandards.xml
Loading device configuration modes from C:/Xilinx/14.7/ISE_DS/PlanAhead/data\parts/xilinx/spartan6/ConfigModes.xml
Loading list of drcs for the architecture : C:/Xilinx/14.7/ISE_DS/PlanAhead/data\./parts/xilinx/spartan6/drc.xml
Parsing UCF File [C:/Users/Yatharth/Documents/CIC semesters/Sem 5/Embedded Systems Studio/Project/Using_LCD/Sample.ucf]
Finished Parsing UCF File [C:/Users/Yatharth/Documents/CIC semesters/Sem 5/Embedded Systems Studio/Project/Using_LCD/Sample.ucf]
INFO: [Project 1-111] Unisim Transformation Summary:
  A total of 1 instances were transformed.
  BUFGP => BUFGP (IBUF, BUFG): 1 instances

Phase 0 | Netlist Checksum: 5965509a
link_design: Time (s): elapsed = 00:00:35 . Memory (MB): peak = 761.387 ; gain = 125.020
exit
ERROR: [PlanAhead 12-106] *** Exception: ui.h.b: Found deleted key in HTclEventBroker. Verify if the classes listed here call cleanup()
HTclEvent: SIGNAL_MODIFY   Classes: ui.views.aR 
HTclEvent: SIGNAL_BUS_MODIFY   Classes: ui.views.aR 
HTclEvent: DEBUG_CORE_CONFIG_CHANGE   Classes: ui.views.aR 
HTclEvent: DEBUG_PORT_CONFIG_CHANGE   Classes: ui.views.aR 
 (See C:/Users/Yatharth/Documents/CIC semesters/Sem 5/Embedded Systems Studio/Project/Using_LCD\planAhead_pid7392.debug)
ERROR: [Common 17-39] 'stop_gui' failed due to earlier errors.
INFO: [Common 17-206] Exiting PlanAhead at Mon Nov 30 15:14:58 2015...
INFO: [Common 17-83] Releasing license: PlanAhead
