--------------------------------------------------------------------------------
Release 14.7 Trace  (nt64)
Copyright (c) 1995-2013 Xilinx, Inc.  All rights reserved.

C:\Xilinx\14.7\ISE_DS\ISE\bin\nt64\unwrapped\trce.exe -intstyle ise -v 3 -s 2
-n 3 -fastpaths -xml lcd_disp.twx lcd_disp.ncd -o lcd_disp.twr lcd_disp.pcf
-ucf Sample.ucf

Design file:              lcd_disp.ncd
Physical constraint file: lcd_disp.pcf
Device,package,speed:     xc6slx9,tqg144,C,-2 (PRODUCTION 1.23 2013-10-13)
Report level:             verbose report

Environment Variable      Effect 
--------------------      ------ 
NONE                      No environment variables were set
--------------------------------------------------------------------------------

INFO:Timing:2698 - No timing constraints found, doing default enumeration.
INFO:Timing:3412 - To improve timing, see the Timing Closure User Guide (UG612).
INFO:Timing:2752 - To get complete path coverage, use the unconstrained paths 
   option. All paths that are not constrained will be reported in the 
   unconstrained paths section(s) of the report.
INFO:Timing:3339 - The clock-to-out numbers in this timing report are based on 
   a 50 Ohm transmission line loading model.  For the details of this model, 
   and for more information on accounting for different loading conditions, 
   please see the device datasheet.



Data Sheet report:
-----------------
All values displayed in nanoseconds (ns)

Clock clk to Pad
------------+-----------------+------------+-----------------+------------+------------------+--------+
            |Max (slowest) clk|  Process   |Min (fastest) clk|  Process   |                  | Clock  |
Destination |  (edge) to PAD  |   Corner   |  (edge) to PAD  |   Corner   |Internal Clock(s) | Phase  |
------------+-----------------+------------+-----------------+------------+------------------+--------+
data<0>     |         8.770(R)|      SLOW  |         3.519(R)|      FAST  |clk_BUFGP         |   0.000|
data<1>     |         8.732(R)|      SLOW  |         3.481(R)|      FAST  |clk_BUFGP         |   0.000|
data<2>     |         8.559(R)|      SLOW  |         3.374(R)|      FAST  |clk_BUFGP         |   0.000|
data<3>     |         8.680(R)|      SLOW  |         3.460(R)|      FAST  |clk_BUFGP         |   0.000|
data<4>     |         8.526(R)|      SLOW  |         3.346(R)|      FAST  |clk_BUFGP         |   0.000|
data<5>     |         8.893(R)|      SLOW  |         3.541(R)|      FAST  |clk_BUFGP         |   0.000|
data<6>     |         9.718(R)|      SLOW  |         4.000(R)|      FAST  |clk_BUFGP         |   0.000|
data<7>     |         9.792(R)|      SLOW  |         4.036(R)|      FAST  |clk_BUFGP         |   0.000|
lcd_e       |         9.318(R)|      SLOW  |         3.778(R)|      FAST  |clk_BUFGP         |   0.000|
lcd_rs      |        10.007(R)|      SLOW  |         4.178(R)|      FAST  |clk_BUFGP         |   0.000|
------------+-----------------+------------+-----------------+------------+------------------+--------+

Clock to Setup on destination clock clk
---------------+---------+---------+---------+---------+
               | Src:Rise| Src:Fall| Src:Rise| Src:Fall|
Source Clock   |Dest:Rise|Dest:Rise|Dest:Fall|Dest:Fall|
---------------+---------+---------+---------+---------+
clk            |    7.924|         |         |         |
---------------+---------+---------+---------+---------+


Analysis completed Wed Dec 09 15:49:43 2015 
--------------------------------------------------------------------------------

Trace Settings:
-------------------------
Trace Settings 

Peak Memory Usage: 239 MB



