Release 14.7 Map P.20131013 (nt64)
Xilinx Mapping Report File for Design 'lcd_disp'

Design Information
------------------
Command Line   : map -intstyle ise -p xc6slx9-tqg144-2 -w -logic_opt off -ol
high -t 1 -xt 0 -register_duplication off -r 4 -global_opt off -mt off -ir off
-pr off -lc off -power off -o lcd_disp_map.ncd lcd_disp.ngd lcd_disp.pcf 
Target Device  : xc6slx9
Target Package : tqg144
Target Speed   : -2
Mapper Version : spartan6 -- $Revision: 1.55 $
Mapped Date    : Mon Nov 30 16:13:53 2015

Design Summary
--------------
Number of errors   :   2
Number of warnings :   0

Section 1 - Errors
------------------
ERROR:MapLib:30 - LOC constraint P113 on data<0> is invalid: No such site on the
   device. To bypass this error set the environment variable 'XIL_MAP_LOCWARN'.
ERROR:MapLib:30 - LOC constraint P122 on lcd_rs.PAD is invalid: No such site on
   the device. To bypass this error set the environment variable
   'XIL_MAP_LOCWARN'.

Section 2 - Warnings
--------------------

Section 3 - Informational
-------------------------
INFO:MapLib:562 - No environment variables are currently set.

Section 4 - Removed Logic Summary
---------------------------------

Section 5 - Removed Logic
-------------------------
